2022-01-14 09:11:35.358  INFO 19844 --- [restartedMain] c.e.demo.SpringBatchSampleApplicationKt  : Starting SpringBatchSampleApplicationKt using Java 16.0.2 on NPC-2021-015 with PID 19844 (C:\Users\ryosuke.esaka.yu\Desktop\SpringBatchSample\demo\target\classes started by ryosuke.esaka.yu in C:\Users\ryosuke.esaka.yu\Desktop\SpringBatchSample\demo)
2022-01-14 09:11:35.366  INFO 19844 --- [restartedMain] c.e.demo.SpringBatchSampleApplicationKt  : The following profiles are active: dev
2022-01-14 09:11:38.469  INFO 19844 --- [restartedMain] com.zaxxer.hikari.HikariDataSource       : HikariPool-1 - Starting...
2022-01-14 09:11:38.994  INFO 19844 --- [restartedMain] com.zaxxer.hikari.HikariDataSource       : HikariPool-1 - Start completed.
2022-01-14 09:11:39.252  INFO 19844 --- [restartedMain] o.s.b.c.r.s.JobRepositoryFactoryBean     : No database type set, using meta data indicating: POSTGRES
2022-01-14 09:11:39.628  INFO 19844 --- [restartedMain] o.s.b.c.l.support.SimpleJobLauncher      : No TaskExecutor has been set, defaulting to synchronous executor.
2022-01-14 09:11:39.829  INFO 19844 --- [restartedMain] o.s.b.d.a.OptionalLiveReloadServer       : LiveReload server is running on port 35729
2022-01-14 09:11:39.889  INFO 19844 --- [restartedMain] c.e.demo.SpringBatchSampleApplicationKt  : Started SpringBatchSampleApplicationKt in 5.258 seconds (JVM running for 6.669)
2022-01-14 09:11:39.894  INFO 19844 --- [restartedMain] o.s.b.a.b.JobLauncherApplicationRunner   : Running default command line with: []
2022-01-14 09:11:40.139  INFO 19844 --- [restartedMain] o.s.b.c.l.support.SimpleJobLauncher      : Job: [SimpleJob: [name=mCustomerJob]] launched with the following parameters: [{run.id=126}]
2022-01-14 09:11:40.197  INFO 19844 --- [restartedMain] o.s.batch.core.job.SimpleStepHandler     : Executing step: [mCustomerStep]
2022-01-14 09:11:40.324  INFO 19844 --- [restartedMain] o.s.batch.core.step.AbstractStep         : Step: [mCustomerStep] executed in 127ms
2022-01-14 09:11:40.331  INFO 19844 --- [restartedMain] o.s.b.c.l.support.SimpleJobLauncher      : Job: [SimpleJob: [name=mCustomerJob]] completed with the following parameters: [{run.id=126}] and the following status: [COMPLETED] in 158ms
2022-01-14 09:11:40.348  INFO 19844 --- [restartedMain] o.s.b.c.l.support.SimpleJobLauncher      : Job: [SimpleJob: [name=mItemJob]] launched with the following parameters: [{run.id=53}]
2022-01-14 09:11:40.357  INFO 19844 --- [restartedMain] o.s.batch.core.job.SimpleStepHandler     : Executing step: [mItemStep]
2022-01-14 09:11:40.468  INFO 19844 --- [restartedMain] o.s.batch.core.step.AbstractStep         : Step: [mItemStep] executed in 111ms
2022-01-14 09:11:40.473  INFO 19844 --- [restartedMain] o.s.b.c.l.support.SimpleJobLauncher      : Job: [SimpleJob: [name=mItemJob]] completed with the following parameters: [{run.id=53}] and the following status: [COMPLETED] in 123ms
2022-01-14 09:11:40.488  INFO 19844 --- [restartedMain] o.s.b.c.l.support.SimpleJobLauncher      : Job: [FlowJob: [name=tOrderJob]] launched with the following parameters: [{run.id=65}]
2022-01-14 09:11:40.500  INFO 19844 --- [SimpleAsyncTaskExecutor-2] o.s.batch.core.job.SimpleStepHandler     : Executing step: [tOrderStep]
2022-01-14 09:11:40.508  INFO 19844 --- [SimpleAsyncTaskExecutor-1] o.s.batch.core.job.SimpleStepHandler     : Executing step: [tOrderDetailStep]
2022-01-14 09:11:40.537  INFO 19844 --- [SimpleAsyncTaskExecutor-2] o.s.batch.core.step.AbstractStep         : Step: [tOrderStep] executed in 36ms
2022-01-14 09:11:40.540  INFO 19844 --- [SimpleAsyncTaskExecutor-1] o.s.batch.core.step.AbstractStep         : Step: [tOrderDetailStep] executed in 32ms
2022-01-14 09:11:40.548  INFO 19844 --- [restartedMain] o.s.b.c.l.support.SimpleJobLauncher      : Job: [FlowJob: [name=tOrderJob]] completed with the following parameters: [{run.id=65}] and the following status: [COMPLETED] in 57ms
2022-01-14 09:11:40.561  INFO 19844 --- [SpringApplicationShutdownHook] com.zaxxer.hikari.HikariDataSource       : HikariPool-1 - Shutdown initiated...
2022-01-14 09:11:40.567  INFO 19844 --- [SpringApplicationShutdownHook] com.zaxxer.hikari.HikariDataSource       : HikariPool-1 - Shutdown completed.
2022-01-14 09:12:06.445  INFO 2908 --- [restartedMain] c.e.demo.SpringBatchSampleApplicationKt  : Starting SpringBatchSampleApplicationKt using Java 16.0.2 on NPC-2021-015 with PID 2908 (C:\Users\ryosuke.esaka.yu\Desktop\SpringBatchSample\demo\target\classes started by ryosuke.esaka.yu in C:\Users\ryosuke.esaka.yu\Desktop\SpringBatchSample\demo)
2022-01-14 09:12:06.447  INFO 2908 --- [restartedMain] c.e.demo.SpringBatchSampleApplicationKt  : The following profiles are active: dev
2022-01-14 09:12:08.634  INFO 2908 --- [restartedMain] com.zaxxer.hikari.HikariDataSource       : HikariPool-1 - Starting...
2022-01-14 09:12:09.010  INFO 2908 --- [restartedMain] com.zaxxer.hikari.HikariDataSource       : HikariPool-1 - Start completed.
2022-01-14 09:12:09.207  INFO 2908 --- [restartedMain] o.s.b.c.r.s.JobRepositoryFactoryBean     : No database type set, using meta data indicating: POSTGRES
2022-01-14 09:12:09.477  INFO 2908 --- [restartedMain] o.s.b.c.l.support.SimpleJobLauncher      : No TaskExecutor has been set, defaulting to synchronous executor.
2022-01-14 09:12:09.649  INFO 2908 --- [restartedMain] o.s.b.d.a.OptionalLiveReloadServer       : LiveReload server is running on port 35729
2022-01-14 09:12:09.680  INFO 2908 --- [restartedMain] c.e.demo.SpringBatchSampleApplicationKt  : Started SpringBatchSampleApplicationKt in 3.961 seconds (JVM running for 4.914)
2022-01-14 09:12:09.683  INFO 2908 --- [restartedMain] o.s.b.a.b.JobLauncherApplicationRunner   : Running default command line with: []
2022-01-14 09:12:09.829  INFO 2908 --- [restartedMain] o.s.b.c.l.support.SimpleJobLauncher      : Job: [SimpleJob: [name=mCustomerJob]] launched with the following parameters: [{run.id=127}]
2022-01-14 09:12:09.874  INFO 2908 --- [restartedMain] o.s.batch.core.job.SimpleStepHandler     : Executing step: [mCustomerStep]
2022-01-14 09:12:09.965  INFO 2908 --- [restartedMain] o.s.batch.core.step.AbstractStep         : Step: [mCustomerStep] executed in 91ms
2022-01-14 09:12:09.973  INFO 2908 --- [restartedMain] o.s.b.c.l.support.SimpleJobLauncher      : Job: [SimpleJob: [name=mCustomerJob]] completed with the following parameters: [{run.id=127}] and the following status: [COMPLETED] in 115ms
2022-01-14 09:12:09.992  INFO 2908 --- [restartedMain] o.s.b.c.l.support.SimpleJobLauncher      : Job: [SimpleJob: [name=mItemJob]] launched with the following parameters: [{run.id=54}]
2022-01-14 09:12:10.001  INFO 2908 --- [restartedMain] o.s.batch.core.job.SimpleStepHandler     : Executing step: [mItemStep]
2022-01-14 09:12:10.138  INFO 2908 --- [restartedMain] o.s.batch.core.step.AbstractStep         : Step: [mItemStep] executed in 136ms
2022-01-14 09:12:10.143  INFO 2908 --- [restartedMain] o.s.b.c.l.support.SimpleJobLauncher      : Job: [SimpleJob: [name=mItemJob]] completed with the following parameters: [{run.id=54}] and the following status: [COMPLETED] in 148ms
2022-01-14 09:12:10.158  INFO 2908 --- [restartedMain] o.s.b.c.l.support.SimpleJobLauncher      : Job: [FlowJob: [name=tOrderJob]] launched with the following parameters: [{run.id=66}]
2022-01-14 09:12:10.172  INFO 2908 --- [SimpleAsyncTaskExecutor-1] o.s.batch.core.job.SimpleStepHandler     : Executing step: [tOrderDetailStep]
2022-01-14 09:12:10.178  INFO 2908 --- [SimpleAsyncTaskExecutor-2] o.s.batch.core.job.SimpleStepHandler     : Executing step: [tOrderStep]
2022-01-14 09:12:10.191  INFO 2908 --- [SimpleAsyncTaskExecutor-1] o.s.batch.core.step.AbstractStep         : Step: [tOrderDetailStep] executed in 19ms
2022-01-14 09:12:10.201  INFO 2908 --- [SimpleAsyncTaskExecutor-2] o.s.batch.core.step.AbstractStep         : Step: [tOrderStep] executed in 23ms
2022-01-14 09:12:10.208  INFO 2908 --- [restartedMain] o.s.b.c.l.support.SimpleJobLauncher      : Job: [FlowJob: [name=tOrderJob]] completed with the following parameters: [{run.id=66}] and the following status: [COMPLETED] in 47ms
2022-01-14 09:12:10.220  INFO 2908 --- [SpringApplicationShutdownHook] com.zaxxer.hikari.HikariDataSource       : HikariPool-1 - Shutdown initiated...
2022-01-14 09:12:10.225  INFO 2908 --- [SpringApplicationShutdownHook] com.zaxxer.hikari.HikariDataSource       : HikariPool-1 - Shutdown completed.
2022-01-14 09:14:21.401  INFO 11792 --- [main] c.e.d.SpringBatchSampleApplicationTests  : Starting SpringBatchSampleApplicationTests using Java 16.0.2 on NPC-2021-015 with PID 11792 (started by ryosuke.esaka.yu in C:\Users\ryosuke.esaka.yu\Desktop\SpringBatchSample\demo)
2022-01-14 09:14:21.402  INFO 11792 --- [main] c.e.d.SpringBatchSampleApplicationTests  : The following profiles are active: dev
2022-01-14 09:14:23.638  INFO 11792 --- [main] com.zaxxer.hikari.HikariDataSource       : HikariPool-1 - Starting...
2022-01-14 09:14:24.081  INFO 11792 --- [main] com.zaxxer.hikari.HikariDataSource       : HikariPool-1 - Start completed.
2022-01-14 09:14:24.334  INFO 11792 --- [main] o.s.b.c.r.s.JobRepositoryFactoryBean     : No database type set, using meta data indicating: POSTGRES
2022-01-14 09:14:24.602  INFO 11792 --- [main] o.s.b.c.l.support.SimpleJobLauncher      : No TaskExecutor has been set, defaulting to synchronous executor.
2022-01-14 09:14:24.852  INFO 11792 --- [main] c.e.d.SpringBatchSampleApplicationTests  : Started SpringBatchSampleApplicationTests in 3.985 seconds (JVM running for 5.445)
2022-01-14 09:14:24.855  INFO 11792 --- [main] o.s.b.a.b.JobLauncherApplicationRunner   : Running default command line with: []
2022-01-14 09:14:24.998  INFO 11792 --- [main] o.s.b.c.l.support.SimpleJobLauncher      : Job: [SimpleJob: [name=mCustomerJob]] launched with the following parameters: [{run.id=128}]
2022-01-14 09:14:25.037  INFO 11792 --- [main] o.s.batch.core.job.SimpleStepHandler     : Executing step: [mCustomerStep]
2022-01-14 09:14:25.152  INFO 11792 --- [main] o.s.batch.core.step.AbstractStep         : Step: [mCustomerStep] executed in 115ms
2022-01-14 09:14:25.158  INFO 11792 --- [main] o.s.b.c.l.support.SimpleJobLauncher      : Job: [SimpleJob: [name=mCustomerJob]] completed with the following parameters: [{run.id=128}] and the following status: [COMPLETED] in 134ms
2022-01-14 09:14:25.175  INFO 11792 --- [main] o.s.b.c.l.support.SimpleJobLauncher      : Job: [SimpleJob: [name=mItemJob]] launched with the following parameters: [{run.id=55}]
2022-01-14 09:14:25.184  INFO 11792 --- [main] o.s.batch.core.job.SimpleStepHandler     : Executing step: [mItemStep]
2022-01-14 09:14:25.255  INFO 11792 --- [main] o.s.batch.core.step.AbstractStep         : Step: [mItemStep] executed in 70ms
2022-01-14 09:14:25.265  INFO 11792 --- [main] o.s.b.c.l.support.SimpleJobLauncher      : Job: [SimpleJob: [name=mItemJob]] completed with the following parameters: [{run.id=55}] and the following status: [COMPLETED] in 86ms
2022-01-14 09:14:25.283  INFO 11792 --- [main] o.s.b.c.l.support.SimpleJobLauncher      : Job: [FlowJob: [name=tOrderJob]] launched with the following parameters: [{run.id=67}]
2022-01-14 09:14:25.297  INFO 11792 --- [SimpleAsyncTaskExecutor-2] o.s.batch.core.job.SimpleStepHandler     : Executing step: [tOrderStep]
2022-01-14 09:14:25.305  INFO 11792 --- [SimpleAsyncTaskExecutor-1] o.s.batch.core.job.SimpleStepHandler     : Executing step: [tOrderDetailStep]
2022-01-14 09:14:25.332  INFO 11792 --- [SimpleAsyncTaskExecutor-2] o.s.batch.core.step.AbstractStep         : Step: [tOrderStep] executed in 35ms
2022-01-14 09:14:25.337  INFO 11792 --- [SimpleAsyncTaskExecutor-1] o.s.batch.core.step.AbstractStep         : Step: [tOrderDetailStep] executed in 30ms
2022-01-14 09:14:25.345  INFO 11792 --- [main] o.s.b.c.l.support.SimpleJobLauncher      : Job: [FlowJob: [name=tOrderJob]] completed with the following parameters: [{run.id=67}] and the following status: [COMPLETED] in 60ms
2022-01-14 09:14:26.146  INFO 11792 --- [SpringApplicationShutdownHook] com.zaxxer.hikari.HikariDataSource       : HikariPool-1 - Shutdown initiated...
2022-01-14 09:14:26.153  INFO 11792 --- [SpringApplicationShutdownHook] com.zaxxer.hikari.HikariDataSource       : HikariPool-1 - Shutdown completed.
2022-01-14 11:58:24.255  INFO 13276 --- [restartedMain] c.e.demo.SpringBatchSampleApplicationKt  : Starting SpringBatchSampleApplicationKt using Java 16.0.2 on NPC-2021-015 with PID 13276 (C:\Users\ryosuke.esaka.yu\Desktop\SpringBatchSample\demo\target\classes started by ryosuke.esaka.yu in C:\Users\ryosuke.esaka.yu\Desktop\SpringBatchSample\demo)
2022-01-14 11:58:24.256  INFO 13276 --- [restartedMain] c.e.demo.SpringBatchSampleApplicationKt  : The following profiles are active: dev
2022-01-14 11:58:26.244  INFO 13276 --- [restartedMain] com.zaxxer.hikari.HikariDataSource       : HikariPool-1 - Starting...
2022-01-14 11:58:26.626  INFO 13276 --- [restartedMain] com.zaxxer.hikari.HikariDataSource       : HikariPool-1 - Start completed.
2022-01-14 11:58:26.784  INFO 13276 --- [restartedMain] o.s.b.c.r.s.JobRepositoryFactoryBean     : No database type set, using meta data indicating: POSTGRES
2022-01-14 11:58:27.024  INFO 13276 --- [restartedMain] o.s.b.c.l.support.SimpleJobLauncher      : No TaskExecutor has been set, defaulting to synchronous executor.
2022-01-14 11:58:27.184  INFO 13276 --- [restartedMain] o.s.b.d.a.OptionalLiveReloadServer       : LiveReload server is running on port 35729
2022-01-14 11:58:27.213  INFO 13276 --- [restartedMain] c.e.demo.SpringBatchSampleApplicationKt  : Started SpringBatchSampleApplicationKt in 3.481 seconds (JVM running for 4.383)
2022-01-14 11:58:27.216  INFO 13276 --- [restartedMain] o.s.b.a.b.JobLauncherApplicationRunner   : Running default command line with: []
2022-01-14 11:58:27.391  INFO 13276 --- [restartedMain] o.s.b.c.l.support.SimpleJobLauncher      : Job: [SimpleJob: [name=mCustomerJob]] launched with the following parameters: [{run.id=129}]
2022-01-14 11:58:27.440  INFO 13276 --- [restartedMain] o.s.batch.core.job.SimpleStepHandler     : Executing step: [mCustomerStep]
2022-01-14 11:58:27.532  INFO 13276 --- [restartedMain] o.s.batch.core.step.AbstractStep         : Step: [mCustomerStep] executed in 91ms
2022-01-14 11:58:27.538  INFO 13276 --- [restartedMain] o.s.b.c.l.support.SimpleJobLauncher      : Job: [SimpleJob: [name=mCustomerJob]] completed with the following parameters: [{run.id=129}] and the following status: [COMPLETED] in 119ms
2022-01-14 11:58:27.551  INFO 13276 --- [restartedMain] o.s.b.c.l.support.SimpleJobLauncher      : Job: [SimpleJob: [name=mItemJob]] launched with the following parameters: [{run.id=57}]
2022-01-14 11:58:27.557  INFO 13276 --- [restartedMain] o.s.batch.core.job.SimpleStepHandler     : Executing step: [mItemStep]
2022-01-14 11:58:27.684  INFO 13276 --- [restartedMain] o.s.batch.core.step.AbstractStep         : Step: [mItemStep] executed in 126ms
2022-01-14 11:58:27.689  INFO 13276 --- [restartedMain] o.s.b.c.l.support.SimpleJobLauncher      : Job: [SimpleJob: [name=mItemJob]] completed with the following parameters: [{run.id=57}] and the following status: [COMPLETED] in 136ms
2022-01-14 11:58:27.704  INFO 13276 --- [restartedMain] o.s.b.c.l.support.SimpleJobLauncher      : Job: [FlowJob: [name=tOrderJob]] launched with the following parameters: [{run.id=68}]
2022-01-14 11:58:27.715  INFO 13276 --- [SimpleAsyncTaskExecutor-1] o.s.batch.core.job.SimpleStepHandler     : Executing step: [tOrderDetailStep]
2022-01-14 11:58:27.719  INFO 13276 --- [SimpleAsyncTaskExecutor-2] o.s.batch.core.job.SimpleStepHandler     : Executing step: [tOrderStep]
2022-01-14 11:58:27.740  INFO 13276 --- [SimpleAsyncTaskExecutor-1] o.s.batch.core.step.AbstractStep         : Step: [tOrderDetailStep] executed in 25ms
2022-01-14 11:58:27.752  INFO 13276 --- [SimpleAsyncTaskExecutor-2] o.s.batch.core.step.AbstractStep         : Step: [tOrderStep] executed in 32ms
2022-01-14 11:58:27.758  INFO 13276 --- [restartedMain] o.s.b.c.l.support.SimpleJobLauncher      : Job: [FlowJob: [name=tOrderJob]] completed with the following parameters: [{run.id=68}] and the following status: [COMPLETED] in 51ms
2022-01-14 11:58:27.768  INFO 13276 --- [SpringApplicationShutdownHook] com.zaxxer.hikari.HikariDataSource       : HikariPool-1 - Shutdown initiated...
2022-01-14 11:58:27.773  INFO 13276 --- [SpringApplicationShutdownHook] com.zaxxer.hikari.HikariDataSource       : HikariPool-1 - Shutdown completed.
2022-01-14 11:59:11.126  INFO 9148 --- [restartedMain] c.e.demo.SpringBatchSampleApplicationKt  : Starting SpringBatchSampleApplicationKt using Java 16.0.2 on NPC-2021-015 with PID 9148 (C:\Users\ryosuke.esaka.yu\Desktop\SpringBatchSample\demo\target\classes started by ryosuke.esaka.yu in C:\Users\ryosuke.esaka.yu\Desktop\SpringBatchSample\demo)
2022-01-14 11:59:11.127  INFO 9148 --- [restartedMain] c.e.demo.SpringBatchSampleApplicationKt  : The following profiles are active: dev
2022-01-14 11:59:13.284  INFO 9148 --- [restartedMain] com.zaxxer.hikari.HikariDataSource       : HikariPool-1 - Starting...
2022-01-14 11:59:13.528  INFO 9148 --- [restartedMain] com.zaxxer.hikari.HikariDataSource       : HikariPool-1 - Start completed.
2022-01-14 11:59:13.670  INFO 9148 --- [restartedMain] o.s.b.c.r.s.JobRepositoryFactoryBean     : No database type set, using meta data indicating: POSTGRES
2022-01-14 11:59:13.875  INFO 9148 --- [restartedMain] o.s.b.c.l.support.SimpleJobLauncher      : No TaskExecutor has been set, defaulting to synchronous executor.
2022-01-14 11:59:14.000  INFO 9148 --- [restartedMain] o.s.b.d.a.OptionalLiveReloadServer       : LiveReload server is running on port 35729
2022-01-14 11:59:14.027  INFO 9148 --- [restartedMain] c.e.demo.SpringBatchSampleApplicationKt  : Started SpringBatchSampleApplicationKt in 3.446 seconds (JVM running for 4.077)
2022-01-14 11:59:14.029  INFO 9148 --- [restartedMain] o.s.b.a.b.JobLauncherApplicationRunner   : Running default command line with: []
2022-01-14 11:59:14.140  INFO 9148 --- [restartedMain] o.s.b.c.l.support.SimpleJobLauncher      : Job: [SimpleJob: [name=mCustomerJob]] launched with the following parameters: [{run.id=130}]
2022-01-14 11:59:14.177  INFO 9148 --- [restartedMain] o.s.batch.core.job.SimpleStepHandler     : Executing step: [mCustomerStep]
2022-01-14 11:59:14.255  INFO 9148 --- [restartedMain] o.s.batch.core.step.AbstractStep         : Step: [mCustomerStep] executed in 77ms
2022-01-14 11:59:14.260  INFO 9148 --- [restartedMain] o.s.b.c.l.support.SimpleJobLauncher      : Job: [SimpleJob: [name=mCustomerJob]] completed with the following parameters: [{run.id=130}] and the following status: [COMPLETED] in 96ms
2022-01-14 11:59:14.272  INFO 9148 --- [restartedMain] o.s.b.c.l.support.SimpleJobLauncher      : Job: [SimpleJob: [name=mItemJob]] launched with the following parameters: [{run.id=58}]
2022-01-14 11:59:14.279  INFO 9148 --- [restartedMain] o.s.batch.core.job.SimpleStepHandler     : Executing step: [mItemStep]
2022-01-14 11:59:14.373  INFO 9148 --- [restartedMain] o.s.batch.core.step.AbstractStep         : Step: [mItemStep] executed in 94ms
2022-01-14 11:59:14.377  INFO 9148 --- [restartedMain] o.s.b.c.l.support.SimpleJobLauncher      : Job: [SimpleJob: [name=mItemJob]] completed with the following parameters: [{run.id=58}] and the following status: [COMPLETED] in 102ms
2022-01-14 11:59:14.391  INFO 9148 --- [restartedMain] o.s.b.c.l.support.SimpleJobLauncher      : Job: [FlowJob: [name=tOrderJob]] launched with the following parameters: [{run.id=69}]
2022-01-14 11:59:14.401  INFO 9148 --- [SimpleAsyncTaskExecutor-1] o.s.batch.core.job.SimpleStepHandler     : Executing step: [tOrderDetailStep]
2022-01-14 11:59:14.408  INFO 9148 --- [SimpleAsyncTaskExecutor-2] o.s.batch.core.job.SimpleStepHandler     : Executing step: [tOrderStep]
2022-01-14 11:59:14.420  INFO 9148 --- [SimpleAsyncTaskExecutor-1] o.s.batch.core.step.AbstractStep         : Step: [tOrderDetailStep] executed in 18ms
2022-01-14 11:59:14.432 ERROR 9148 --- [SimpleAsyncTaskExecutor-2] o.s.batch.core.step.AbstractStep         : Encountered an error executing step tOrderStep in job tOrderJob

java.lang.IndexOutOfBoundsException: Index 3 out of bounds for length 3
	at java.base/jdk.internal.util.Preconditions.outOfBounds(Preconditions.java:64)
	at java.base/jdk.internal.util.Preconditions.outOfBoundsCheckIndex(Preconditions.java:70)
	at java.base/jdk.internal.util.Preconditions.checkIndex(Preconditions.java:266)
	at java.base/java.util.Objects.checkIndex(Objects.java:359)
	at java.base/java.util.ArrayList.get(ArrayList.java:427)
	at com.example.demo.batchOrder.TOrderTasklet.execute(TOrderTasklet.kt:30)
	at com.example.demo.batchOrder.TOrderTasklet$$FastClassBySpringCGLIB$$387cd6fc.invoke(<generated>)
	at org.springframework.cglib.proxy.MethodProxy.invoke(MethodProxy.java:218)
	at org.springframework.aop.framework.CglibAopProxy$CglibMethodInvocation.invokeJoinpoint(CglibAopProxy.java:783)
	at org.springframework.aop.framework.ReflectiveMethodInvocation.proceed(ReflectiveMethodInvocation.java:163)
	at org.springframework.aop.framework.CglibAopProxy$CglibMethodInvocation.proceed(CglibAopProxy.java:753)
	at org.springframework.transaction.interceptor.TransactionInterceptor$1.proceedWithInvocation(TransactionInterceptor.java:123)
	at org.springframework.transaction.interceptor.TransactionAspectSupport.invokeWithinTransaction(TransactionAspectSupport.java:388)
	at org.springframework.transaction.interceptor.TransactionInterceptor.invoke(TransactionInterceptor.java:119)
	at org.springframework.aop.framework.ReflectiveMethodInvocation.proceed(ReflectiveMethodInvocation.java:186)
	at org.springframework.aop.framework.CglibAopProxy$CglibMethodInvocation.proceed(CglibAopProxy.java:753)
	at org.springframework.aop.framework.CglibAopProxy$DynamicAdvisedInterceptor.intercept(CglibAopProxy.java:698)
	at com.example.demo.batchOrder.TOrderTasklet$$EnhancerBySpringCGLIB$$c245a176.execute(<generated>)
	at org.springframework.batch.core.step.tasklet.TaskletStep$ChunkTransactionCallback.doInTransaction(TaskletStep.java:407)
	at org.springframework.batch.core.step.tasklet.TaskletStep$ChunkTransactionCallback.doInTransaction(TaskletStep.java:331)
	at org.springframework.transaction.support.TransactionTemplate.execute(TransactionTemplate.java:140)
	at org.springframework.batch.core.step.tasklet.TaskletStep$2.doInChunkContext(TaskletStep.java:273)
	at org.springframework.batch.core.scope.context.StepContextRepeatCallback.doInIteration(StepContextRepeatCallback.java:82)
	at org.springframework.batch.repeat.support.RepeatTemplate.getNextResult(RepeatTemplate.java:375)
	at org.springframework.batch.repeat.support.RepeatTemplate.executeInternal(RepeatTemplate.java:215)
	at org.springframework.batch.repeat.support.RepeatTemplate.iterate(RepeatTemplate.java:145)
	at org.springframework.batch.core.step.tasklet.TaskletStep.doExecute(TaskletStep.java:258)
	at org.springframework.batch.core.step.AbstractStep.execute(AbstractStep.java:208)
	at org.springframework.batch.core.job.SimpleStepHandler.handleStep(SimpleStepHandler.java:152)
	at org.springframework.batch.core.job.flow.JobFlowExecutor.executeStep(JobFlowExecutor.java:68)
	at org.springframework.batch.core.job.flow.support.state.StepState.handle(StepState.java:68)
	at org.springframework.batch.core.job.flow.support.SimpleFlow.resume(SimpleFlow.java:169)
	at org.springframework.batch.core.job.flow.support.SimpleFlow.start(SimpleFlow.java:144)
	at org.springframework.batch.core.job.flow.support.state.SplitState$1.call(SplitState.java:94)
	at org.springframework.batch.core.job.flow.support.state.SplitState$1.call(SplitState.java:91)
	at java.base/java.util.concurrent.FutureTask.run(FutureTask.java:264)
	at java.base/java.lang.Thread.run(Thread.java:831)

2022-01-14 11:59:14.434  INFO 9148 --- [SimpleAsyncTaskExecutor-2] o.s.batch.core.step.AbstractStep         : Step: [tOrderStep] executed in 25ms
2022-01-14 11:59:14.441  INFO 9148 --- [restartedMain] o.s.b.c.l.support.SimpleJobLauncher      : Job: [FlowJob: [name=tOrderJob]] completed with the following parameters: [{run.id=69}] and the following status: [FAILED] in 46ms
2022-01-14 11:59:14.450  INFO 9148 --- [SpringApplicationShutdownHook] com.zaxxer.hikari.HikariDataSource       : HikariPool-1 - Shutdown initiated...
2022-01-14 11:59:14.455  INFO 9148 --- [SpringApplicationShutdownHook] com.zaxxer.hikari.HikariDataSource       : HikariPool-1 - Shutdown completed.
2022-01-14 11:59:39.549  INFO 21388 --- [restartedMain] c.e.demo.SpringBatchSampleApplicationKt  : Starting SpringBatchSampleApplicationKt using Java 16.0.2 on NPC-2021-015 with PID 21388 (C:\Users\ryosuke.esaka.yu\Desktop\SpringBatchSample\demo\target\classes started by ryosuke.esaka.yu in C:\Users\ryosuke.esaka.yu\Desktop\SpringBatchSample\demo)
2022-01-14 11:59:39.552  INFO 21388 --- [restartedMain] c.e.demo.SpringBatchSampleApplicationKt  : The following profiles are active: dev
2022-01-14 11:59:41.408  INFO 21388 --- [restartedMain] com.zaxxer.hikari.HikariDataSource       : HikariPool-1 - Starting...
2022-01-14 11:59:41.723  INFO 21388 --- [restartedMain] com.zaxxer.hikari.HikariDataSource       : HikariPool-1 - Start completed.
2022-01-14 11:59:41.887  INFO 21388 --- [restartedMain] o.s.b.c.r.s.JobRepositoryFactoryBean     : No database type set, using meta data indicating: POSTGRES
2022-01-14 11:59:42.123  INFO 21388 --- [restartedMain] o.s.b.c.l.support.SimpleJobLauncher      : No TaskExecutor has been set, defaulting to synchronous executor.
2022-01-14 11:59:42.246  INFO 21388 --- [restartedMain] o.s.b.d.a.OptionalLiveReloadServer       : LiveReload server is running on port 35729
2022-01-14 11:59:42.269  INFO 21388 --- [restartedMain] c.e.demo.SpringBatchSampleApplicationKt  : Started SpringBatchSampleApplicationKt in 3.22 seconds (JVM running for 3.833)
2022-01-14 11:59:42.272  INFO 21388 --- [restartedMain] o.s.b.a.b.JobLauncherApplicationRunner   : Running default command line with: []
2022-01-14 11:59:42.393  INFO 21388 --- [restartedMain] o.s.b.c.l.support.SimpleJobLauncher      : Job: [SimpleJob: [name=mCustomerJob]] launched with the following parameters: [{run.id=131}]
2022-01-14 11:59:42.441  INFO 21388 --- [restartedMain] o.s.batch.core.job.SimpleStepHandler     : Executing step: [mCustomerStep]
2022-01-14 11:59:42.516  INFO 21388 --- [restartedMain] o.s.batch.core.step.AbstractStep         : Step: [mCustomerStep] executed in 75ms
2022-01-14 11:59:42.522  INFO 21388 --- [restartedMain] o.s.b.c.l.support.SimpleJobLauncher      : Job: [SimpleJob: [name=mCustomerJob]] completed with the following parameters: [{run.id=131}] and the following status: [COMPLETED] in 95ms
2022-01-14 11:59:42.535  INFO 21388 --- [restartedMain] o.s.b.c.l.support.SimpleJobLauncher      : Job: [SimpleJob: [name=mItemJob]] launched with the following parameters: [{run.id=59}]
2022-01-14 11:59:42.542  INFO 21388 --- [restartedMain] o.s.batch.core.job.SimpleStepHandler     : Executing step: [mItemStep]
2022-01-14 11:59:42.633  INFO 21388 --- [restartedMain] o.s.batch.core.step.AbstractStep         : Step: [mItemStep] executed in 91ms
2022-01-14 11:59:42.639  INFO 21388 --- [restartedMain] o.s.b.c.l.support.SimpleJobLauncher      : Job: [SimpleJob: [name=mItemJob]] completed with the following parameters: [{run.id=59}] and the following status: [COMPLETED] in 100ms
2022-01-14 11:59:42.653  INFO 21388 --- [restartedMain] o.s.b.c.l.support.SimpleJobLauncher      : Job: [FlowJob: [name=tOrderJob]] launched with the following parameters: [{run.id=70}]
2022-01-14 11:59:42.663  INFO 21388 --- [SimpleAsyncTaskExecutor-2] o.s.batch.core.job.SimpleStepHandler     : Executing step: [tOrderStep]
2022-01-14 11:59:42.670  INFO 21388 --- [SimpleAsyncTaskExecutor-1] o.s.batch.core.job.SimpleStepHandler     : Executing step: [tOrderDetailStep]
2022-01-14 11:59:42.691  INFO 21388 --- [SimpleAsyncTaskExecutor-1] o.s.batch.core.step.AbstractStep         : Step: [tOrderDetailStep] executed in 20ms
2022-01-14 11:59:42.692  INFO 21388 --- [SimpleAsyncTaskExecutor-2] o.s.batch.core.step.AbstractStep         : Step: [tOrderStep] executed in 29ms
2022-01-14 11:59:42.699  INFO 21388 --- [restartedMain] o.s.b.c.l.support.SimpleJobLauncher      : Job: [FlowJob: [name=tOrderJob]] completed with the following parameters: [{run.id=70}] and the following status: [COMPLETED] in 44ms
2022-01-14 11:59:42.708  INFO 21388 --- [SpringApplicationShutdownHook] com.zaxxer.hikari.HikariDataSource       : HikariPool-1 - Shutdown initiated...
2022-01-14 11:59:42.713  INFO 21388 --- [SpringApplicationShutdownHook] com.zaxxer.hikari.HikariDataSource       : HikariPool-1 - Shutdown completed.
